Unity Editor version:    2020.3.20f1 (41c4e627c95f)
Branch:                  2020.3/staging
Build type:              Release
Batch mode:              YES
macOS version:           Version 10.14.6 (Build 18G103)
Darwin version:          18.7.0
Architecture:            x86_64
Running under Rosetta:   NO
Available memory:        4096 MB
Using pre-set license
Pro License: NO

COMMAND LINE ARGUMENTS:
/Applications/Unity/Hub/Editor/2020.3.20f1/Unity.app/Contents/MacOS/Unity
-adb2
-batchMode
-noUpm
-name
AssetImportWorker0
-projectPath
/Users/nolen/Documents/GitHub/totally-fun-not-creepy-game/totallynotcreepygame
-logFile
Logs/AssetImportWorker0.log
-srvPort
56021
Successfully changed project path to: /Users/nolen/Documents/GitHub/totally-fun-not-creepy-game/totallynotcreepygame
/Users/nolen/Documents/GitHub/totally-fun-not-creepy-game/totallynotcreepygame
Using Asset Import Pipeline V2.
Refreshing native plugins compatible for Editor in 91.00 ms, found 3 plugins.
Preloading 0 native plugins for Editor in 0.00 ms.
Initialize engine version: 2020.3.20f1 (41c4e627c95f)
[Subsystems] Discovering subsystems at path /Applications/Unity/Hub/Editor/2020.3.20f1/Unity.app/Contents/Resources/UnitySubsystems
[Subsystems] Discovering subsystems at path /Users/nolen/Documents/GitHub/totally-fun-not-creepy-game/totallynotcreepygame/Assets
GfxDevice: creating device client; threaded=0
2021-10-18 20:31:51.866 Unity[16215:1614300] Color LCD preferred device: Intel HD Graphics 5000 (low power)
2021-10-18 20:31:51.866 Unity[16215:1614300] Metal devices available: 1
2021-10-18 20:31:51.866 Unity[16215:1614300] 0: Intel HD Graphics 5000 (low power)
2021-10-18 20:31:51.868 Unity[16215:1614300] Using device Intel HD Graphics 5000 (low power)
Initializing Metal device caps: Intel HD Graphics 5000
Initialize mono
Mono path[0] = '/Applications/Unity/Hub/Editor/2020.3.20f1/Unity.app/Contents/Managed'
Mono path[1] = '/Applications/Unity/Hub/Editor/2020.3.20f1/Unity.app/Contents/MonoBleedingEdge/lib/mono/unityjit'
Mono config path = '/Applications/Unity/Hub/Editor/2020.3.20f1/Unity.app/Contents/MonoBleedingEdge/etc'
Using monoOptions --debugger-agent=transport=dt_socket,embedding=1,server=y,suspend=n,address=127.0.0.1:56215
Begin MonoManager ReloadAssembly
Registering precompiled unity dll's ...
Register platform support module: /Applications/Unity/Hub/Editor/2020.3.20f1/PlaybackEngines/WebGLSupport/UnityEditor.WebGL.Extensions.dll
Register platform support module: /Applications/Unity/Hub/Editor/2020.3.20f1/Unity.app/Contents/PlaybackEngines/MacStandaloneSupport/UnityEditor.OSXStandalone.Extensions.dll
Register platform support module: /Applications/Unity/Hub/Editor/2020.3.20f1/PlaybackEngines/WindowsStandaloneSupport/UnityEditor.WindowsStandalone.Extensions.dll
Register platform support module: /Applications/Unity/Hub/Editor/2020.3.20f1/PlaybackEngines/LinuxStandaloneSupport/UnityEditor.LinuxStandalone.Extensions.dll
Registered in 0.005353 seconds.
Native extension for LinuxStandalone target not found
Native extension for WindowsStandalone target not found
Native extension for OSXStandalone target not found
Native extension for WebGL target not found
Refreshing native plugins compatible for Editor in 74.17 ms, found 3 plugins.
Preloading 0 native plugins for Editor in 0.00 ms.
Mono: successfully reloaded assembly
- Completed reload, in  8.296 seconds
Domain Reload Profiling:
	ReloadAssembly (8296ms)
		BeginReloadAssembly (74ms)
			ExecutionOrderSort (0ms)
			DisableScriptedObjects (0ms)
			BackupInstance (0ms)
			ReleaseScriptingObjects (0ms)
			CreateAndSetChildDomain (2ms)
		EndReloadAssembly (957ms)
			LoadAssemblies (78ms)
			RebuildTransferFunctionScriptingTraits (0ms)
			SetupTypeCache (394ms)
			ReleaseScriptCaches (0ms)
			RebuildScriptCaches (74ms)
			SetupLoadedEditorAssemblies (385ms)
				LogAssemblyErrors (0ms)
				InitializePlatformSupportModulesInManaged (10ms)
				SetLoadedEditorAssemblies (1ms)
				RefreshPlugins (74ms)
				BeforeProcessingInitializeOnLoad (22ms)
				ProcessInitializeOnLoadAttributes (217ms)
				ProcessInitializeOnLoadMethodAttributes (60ms)
				AfterProcessingInitializeOnLoad (0ms)
				EditorAssembliesLoaded (0ms)
			ExecutionOrderSort2 (0ms)
			AwakeInstancesAfterBackupRestoration (0ms)
Platform modules already initialized, skipping
Registering precompiled user dll's ...
Registered in 0.011178 seconds.
Begin MonoManager ReloadAssembly
Native extension for LinuxStandalone target not found
Native extension for WindowsStandalone target not found
Native extension for OSXStandalone target not found
Native extension for WebGL target not found
Refreshing native plugins compatible for Editor in 88.07 ms, found 3 plugins.
Preloading 0 native plugins for Editor in 0.00 ms.
Mono: successfully reloaded assembly
- Completed reload, in  2.351 seconds
Domain Reload Profiling:
	ReloadAssembly (2360ms)
		BeginReloadAssembly (295ms)
			ExecutionOrderSort (0ms)
			DisableScriptedObjects (9ms)
			BackupInstance (0ms)
			ReleaseScriptingObjects (0ms)
			CreateAndSetChildDomain (67ms)
		EndReloadAssembly (1942ms)
			LoadAssemblies (209ms)
			RebuildTransferFunctionScriptingTraits (0ms)
			SetupTypeCache (659ms)
			ReleaseScriptCaches (1ms)
			RebuildScriptCaches (109ms)
			SetupLoadedEditorAssemblies (705ms)
				LogAssemblyErrors (0ms)
				InitializePlatformSupportModulesInManaged (16ms)
				SetLoadedEditorAssemblies (0ms)
				RefreshPlugins (89ms)
				BeforeProcessingInitializeOnLoad (106ms)
				ProcessInitializeOnLoadAttributes (466ms)
				ProcessInitializeOnLoadMethodAttributes (26ms)
				AfterProcessingInitializeOnLoad (1ms)
				EditorAssembliesLoaded (0ms)
			ExecutionOrderSort2 (0ms)
			AwakeInstancesAfterBackupRestoration (13ms)
Platform modules already initialized, skipping
Validating Project structure ... 0.000456 seconds.
Shader import version has changed; will reimport all shaders...
Upgrading shader files ...0.000367 seconds.
Application.AssetDatabase Initial Script Refresh Start
RefreshInfo: InitialScriptRefreshV2(NoUpdateAssetOptions) scanfilter:  ... 1 filters
RefreshProfiler: Total: 0.000ms
Application.AssetDatabase Initial Script Refresh End
Application.AssetDatabase.Refresh Start
Application.AssetDatabase.Refresh End
RefreshInfo: StopAssetImportingV2(ForceSynchronousImport) scanfilter: 
RefreshProfiler: Total: 0.000ms
Launching external process: /Applications/Unity/Hub/Editor/2020.3.20f1/Unity.app/Contents/Tools/UnityShaderCompiler
Launched and connected shader compiler UnityShaderCompiler after 0.12 seconds
Initializing Unity extensions:
========================================================================
Worker process is ready to serve import requests
Refreshing native plugins compatible for Editor in 0.54 ms, found 3 plugins.
Preloading 0 native plugins for Editor in 0.00 ms.
Unloading 2094 Unused Serialized files (Serialized files now loaded: 0)
System memory in use before: 194.7 MB.
System memory in use after: 193.9 MB.

Unloading 99 unused Assets to reduce memory usage. Loaded Objects now: 2572.
Total: 14.049476 ms (FindLiveObjects: 1.122063 ms CreateObjectMapping: 1.424493 ms MarkObjects: 10.202717 ms  DeleteObjects: 1.296725 ms)

AssetImportParameters requested are different than current active one (requested -> active):
  custom:video-decoder-ogg-theora: a1e56fd34408186e4bbccfd4996cb3dc -> 
  custom:container-muxer-webm: aa71ff27fc2769a1b78a27578f13a17b -> 
  custom:container-demuxer-webm: 4f35f7cbe854078d1ac9338744f61a02 -> 
  custom:container-demuxer-ogg: 62fdf1f143b41e24485cea50d1cbac27 -> 
  custom:video-encoder-webm-vp8: eb34c28f22e8b96e1ab97ce403110664 -> 
  custom:framework-osx-AVFoundation: b23960f63f64bdc6ff669e2cdcee2391 -> 
  custom:video-decoder-webm-vp8: 9c59270c3fd7afecdb556c50c9e8de78 -> 
  custom:audio-decoder-ogg-vorbis: bf7c407c2cedff20999df2af8eb42d56 -> 
  custom:audio-encoder-webm-vorbis: bf7c407c2cedff20999df2af8eb42d56 -> 
========================================================================
Received Import Request.
  path: Packages/com.unity.2d.pixel-perfect/package.json
  artifactKey: Guid(b1c570008ebc15d4183516ca5722a39e) Importer(815301076,1909f56bfc062723c751e8b465ee728b)
Start importing Packages/com.unity.2d.pixel-perfect/package.json using Guid(b1c570008ebc15d4183516ca5722a39e) Importer(815301076,1909f56bfc062723c751e8b465ee728b)  -> (artifact id: '00989447aebaa7f8a44a908d1cabf462') in 0.346367 seconds 
  Import took 0.355142 seconds .

========================================================================
Received Import Request.
  Time since last request: 0.002683 seconds.
  path: Packages/com.unity.2d.spriteshape/Editor/ObjectMenuCreation/DefaultAssets/Sprite Shapes/Open Sprite Shape.prefab
  artifactKey: Guid(86ae7de409eb54f619fb1328e4d42480) Importer(815301076,1909f56bfc062723c751e8b465ee728b)
Start importing Packages/com.unity.2d.spriteshape/Editor/ObjectMenuCreation/DefaultAssets/Sprite Shapes/Open Sprite Shape.prefab using Guid(86ae7de409eb54f619fb1328e4d42480) Importer(815301076,1909f56bfc062723c751e8b465ee728b)  -> (artifact id: '1cd094d74455b6e3ebbdb90683f10d20') in 0.834561 seconds 
  Import took 0.842545 seconds .

========================================================================
Received Import Request.
  Time since last request: 0.004291 seconds.
  path: Packages/com.unity.2d.spriteshape/Editor/ObjectMenuCreation/DefaultAssets/Sprite Shapes/Closed Sprite Shape.prefab
  artifactKey: Guid(c0583b4e855c74b8c82e7b9b5efb5ce9) Importer(815301076,1909f56bfc062723c751e8b465ee728b)
Start importing Packages/com.unity.2d.spriteshape/Editor/ObjectMenuCreation/DefaultAssets/Sprite Shapes/Closed Sprite Shape.prefab using Guid(c0583b4e855c74b8c82e7b9b5efb5ce9) Importer(815301076,1909f56bfc062723c751e8b465ee728b)  -> (artifact id: 'c5c845828cede3f25819031102be01e1') in 0.032623 seconds 
  Import took 0.043288 seconds .

========================================================================
Received Import Request.
  Time since last request: 0.000854 seconds.
  path: Packages/com.unity.2d.spriteshape
  artifactKey: Guid(9f9e809966b8f16f626c5fa29105d97a) Importer(815301076,1909f56bfc062723c751e8b465ee728b)
Start importing Packages/com.unity.2d.spriteshape using Guid(9f9e809966b8f16f626c5fa29105d97a) Importer(815301076,1909f56bfc062723c751e8b465ee728b)  -> (artifact id: '2cee823e375c0795fa6805231775d366') in 0.005581 seconds 
  Import took 0.011945 seconds .

========================================================================
Received Import Request.
  Time since last request: 0.001702 seconds.
  path: Packages/com.unity.2d.spriteshape/package.json
  artifactKey: Guid(4eabc3d1ad1424372b03cfc117521e24) Importer(815301076,1909f56bfc062723c751e8b465ee728b)
Start importing Packages/com.unity.2d.spriteshape/package.json using Guid(4eabc3d1ad1424372b03cfc117521e24) Importer(815301076,1909f56bfc062723c751e8b465ee728b)  -> (artifact id: '6a32a22115912010075d4449eaadec43') in 0.004302 seconds 
  Import took 0.016020 seconds .

========================================================================
Received Prepare
Registering precompiled user dll's ...
Registered in 0.009992 seconds.
Begin MonoManager ReloadAssembly
Native extension for LinuxStandalone target not found
Native extension for WindowsStandalone target not found
Native extension for OSXStandalone target not found
Native extension for WebGL target not found
Refreshing native plugins compatible for Editor in 0.86 ms, found 3 plugins.
Preloading 0 native plugins for Editor in 0.00 ms.
Mono: successfully reloaded assembly
- Completed reload, in  4.623 seconds
Domain Reload Profiling:
	ReloadAssembly (4624ms)
		BeginReloadAssembly (852ms)
			ExecutionOrderSort (0ms)
			DisableScriptedObjects (19ms)
			BackupInstance (0ms)
			ReleaseScriptingObjects (0ms)
			CreateAndSetChildDomain (632ms)
		EndReloadAssembly (3543ms)
			LoadAssemblies (333ms)
			RebuildTransferFunctionScriptingTraits (0ms)
			SetupTypeCache (1114ms)
			ReleaseScriptCaches (2ms)
			RebuildScriptCaches (182ms)
			SetupLoadedEditorAssemblies (1297ms)
				LogAssemblyErrors (0ms)
				InitializePlatformSupportModulesInManaged (21ms)
				SetLoadedEditorAssemblies (1ms)
				RefreshPlugins (1ms)
				BeforeProcessingInitializeOnLoad (352ms)
				ProcessInitializeOnLoadAttributes (910ms)
				ProcessInitializeOnLoadMethodAttributes (10ms)
				AfterProcessingInitializeOnLoad (2ms)
				EditorAssembliesLoaded (0ms)
			ExecutionOrderSort2 (0ms)
			AwakeInstancesAfterBackupRestoration (116ms)
Platform modules already initialized, skipping
Refreshing native plugins compatible for Editor in 1.90 ms, found 3 plugins.
Preloading 0 native plugins for Editor in 0.00 ms.
Unloading 2180 Unused Serialized files (Serialized files now loaded: 0)
System memory in use before: 200.8 MB.
System memory in use after: 200.9 MB.

Unloading 15 unused Assets to reduce memory usage. Loaded Objects now: 2679.
Total: 11.398708 ms (FindLiveObjects: 1.026410 ms CreateObjectMapping: 0.754477 ms MarkObjects: 9.556617 ms  DeleteObjects: 0.058546 ms)

AssetImportParameters requested are different than current active one (requested -> active):
  custom:video-decoder-ogg-theora: a1e56fd34408186e4bbccfd4996cb3dc -> 
  custom:container-muxer-webm: aa71ff27fc2769a1b78a27578f13a17b -> 
  custom:container-demuxer-webm: 4f35f7cbe854078d1ac9338744f61a02 -> 
  custom:container-demuxer-ogg: 62fdf1f143b41e24485cea50d1cbac27 -> 
  custom:video-encoder-webm-vp8: eb34c28f22e8b96e1ab97ce403110664 -> 
  custom:framework-osx-AVFoundation: b23960f63f64bdc6ff669e2cdcee2391 -> 
  custom:video-decoder-webm-vp8: 9c59270c3fd7afecdb556c50c9e8de78 -> 
  custom:audio-decoder-ogg-vorbis: bf7c407c2cedff20999df2af8eb42d56 -> 
  custom:audio-encoder-webm-vorbis: bf7c407c2cedff20999df2af8eb42d56 -> 
========================================================================
Received Prepare
Registering precompiled user dll's ...
Registered in 0.005203 seconds.
Begin MonoManager ReloadAssembly
Native extension for LinuxStandalone target not found
Native extension for WindowsStandalone target not found
Native extension for OSXStandalone target not found
Native extension for WebGL target not found
Refreshing native plugins compatible for Editor in 0.60 ms, found 3 plugins.
Preloading 0 native plugins for Editor in 0.00 ms.
Mono: successfully reloaded assembly
- Completed reload, in  3.816 seconds
Domain Reload Profiling:
	ReloadAssembly (3820ms)
		BeginReloadAssembly (937ms)
			ExecutionOrderSort (0ms)
			DisableScriptedObjects (17ms)
			BackupInstance (0ms)
			ReleaseScriptingObjects (0ms)
			CreateAndSetChildDomain (620ms)
		EndReloadAssembly (2315ms)
			LoadAssemblies (476ms)
			RebuildTransferFunctionScriptingTraits (0ms)
			SetupTypeCache (749ms)
			ReleaseScriptCaches (2ms)
			RebuildScriptCaches (113ms)
			SetupLoadedEditorAssemblies (844ms)
				LogAssemblyErrors (0ms)
				InitializePlatformSupportModulesInManaged (16ms)
				SetLoadedEditorAssemblies (1ms)
				RefreshPlugins (1ms)
				BeforeProcessingInitializeOnLoad (273ms)
				ProcessInitializeOnLoadAttributes (540ms)
				ProcessInitializeOnLoadMethodAttributes (11ms)
				AfterProcessingInitializeOnLoad (2ms)
				EditorAssembliesLoaded (0ms)
			ExecutionOrderSort2 (0ms)
			AwakeInstancesAfterBackupRestoration (28ms)
Platform modules already initialized, skipping
Refreshing native plugins compatible for Editor in 0.64 ms, found 3 plugins.
Preloading 0 native plugins for Editor in 0.00 ms.
Unloading 2182 Unused Serialized files (Serialized files now loaded: 0)
System memory in use before: 201.1 MB.
System memory in use after: 201.2 MB.

Unloading 14 unused Assets to reduce memory usage. Loaded Objects now: 2684.
Total: 6.793180 ms (FindLiveObjects: 0.687967 ms CreateObjectMapping: 0.194230 ms MarkObjects: 5.843077 ms  DeleteObjects: 0.065462 ms)

AssetImportParameters requested are different than current active one (requested -> active):
  custom:video-decoder-ogg-theora: a1e56fd34408186e4bbccfd4996cb3dc -> 
  custom:container-muxer-webm: aa71ff27fc2769a1b78a27578f13a17b -> 
  custom:container-demuxer-webm: 4f35f7cbe854078d1ac9338744f61a02 -> 
  custom:container-demuxer-ogg: 62fdf1f143b41e24485cea50d1cbac27 -> 
  custom:video-encoder-webm-vp8: eb34c28f22e8b96e1ab97ce403110664 -> 
  custom:framework-osx-AVFoundation: b23960f63f64bdc6ff669e2cdcee2391 -> 
  custom:video-decoder-webm-vp8: 9c59270c3fd7afecdb556c50c9e8de78 -> 
  custom:audio-decoder-ogg-vorbis: bf7c407c2cedff20999df2af8eb42d56 -> 
  custom:audio-encoder-webm-vorbis: bf7c407c2cedff20999df2af8eb42d56 -> 
========================================================================
Received Import Request.
  Time since last request: 277.983965 seconds.
  path: Assets/Simple 2D Platformer BE2/App Icon.png
  artifactKey: Guid(c0ced59eb0176454886bbc0407e71090) Importer(815301076,1909f56bfc062723c751e8b465ee728b)
Start importing Assets/Simple 2D Platformer BE2/App Icon.png using Guid(c0ced59eb0176454886bbc0407e71090) Importer(815301076,1909f56bfc062723c751e8b465ee728b)  -> (artifact id: '99aab4d572843d6d8f34532d8e054fa4') in 0.981121 seconds 
  Import took 1.080022 seconds .

========================================================================
Received Import Request.
  Time since last request: 0.002677 seconds.
  path: Assets/Simple 2D Platformer BE2/Readme.asset
  artifactKey: Guid(53e51aee442d4ef479557f25a7bd3230) Importer(815301076,1909f56bfc062723c751e8b465ee728b)
Start importing Assets/Simple 2D Platformer BE2/Readme.asset using Guid(53e51aee442d4ef479557f25a7bd3230) Importer(815301076,1909f56bfc062723c751e8b465ee728b)  -> (artifact id: 'b814a4d81eebb6d6ef9520e0ca1fa504') in 0.438971 seconds 
  Import took 0.446259 seconds .

========================================================================
Received Import Request.
  Time since last request: 11.003194 seconds.
  path: Assets/Simple 2D Platformer BE2/Demo
  artifactKey: Guid(ec5bf1f2d54b72f419923584020bb6e8) Importer(815301076,1909f56bfc062723c751e8b465ee728b)
Start importing Assets/Simple 2D Platformer BE2/Demo using Guid(ec5bf1f2d54b72f419923584020bb6e8) Importer(815301076,1909f56bfc062723c751e8b465ee728b)  -> (artifact id: '9ee7a35211b801e58e8f575c955fb345') in 0.002411 seconds 
  Import took 0.011563 seconds .

========================================================================
Received Import Request.
  Time since last request: 1.773546 seconds.
  path: Assets/Simple 2D Platformer BE2/Demo/Demo.unity
  artifactKey: Guid(3a25811d9b7b5fa4da6d5077a40cdc20) Importer(815301076,1909f56bfc062723c751e8b465ee728b)
Start importing Assets/Simple 2D Platformer BE2/Demo/Demo.unity using Guid(3a25811d9b7b5fa4da6d5077a40cdc20) Importer(815301076,1909f56bfc062723c751e8b465ee728b)  -> (artifact id: '05e5b763ebdef19642084d8612c3d40f') in 0.003061 seconds 
  Import took 0.011830 seconds .

========================================================================
Received Import Request.
  Time since last request: 13.505604 seconds.
  path: Assets/Scenes/SampleScene.unity
  artifactKey: Guid(2cda990e2423bbf4892e6590ba056729) Importer(815301076,1909f56bfc062723c751e8b465ee728b)
Start importing Assets/Scenes/SampleScene.unity using Guid(2cda990e2423bbf4892e6590ba056729) Importer(815301076,1909f56bfc062723c751e8b465ee728b)  -> (artifact id: 'aa27944bdea339c97c39027c7eea529c') in 0.003908 seconds 
  Import took 0.015790 seconds .

========================================================================
Received Import Request.
  Time since last request: 2.262902 seconds.
  path: Assets/Simple 2D Platformer BE2/ReadMe/Icon.png
  artifactKey: Guid(6b868ddfc4bbd9b4d83c6c2708775a36) Importer(815301076,1909f56bfc062723c751e8b465ee728b)
Start importing Assets/Simple 2D Platformer BE2/ReadMe/Icon.png using Guid(6b868ddfc4bbd9b4d83c6c2708775a36) Importer(815301076,1909f56bfc062723c751e8b465ee728b)  -> (artifact id: 'a793313470f35564ecda9502a4ea00af') in 0.036963 seconds 
  Import took 0.043628 seconds .

========================================================================
Received Import Request.
  Time since last request: 3.359360 seconds.
  path: Assets/Simple 2D Platformer BE2/Sprites/Coins.png
  artifactKey: Guid(274d64617113287499ed1c4165d1d8f3) Importer(815301076,1909f56bfc062723c751e8b465ee728b)
Start importing Assets/Simple 2D Platformer BE2/Sprites/Coins.png using Guid(274d64617113287499ed1c4165d1d8f3) Importer(815301076,1909f56bfc062723c751e8b465ee728b)  -> (artifact id: '2132d059d4d1eed3893c2b4f54f4b652') in 0.084350 seconds 
  Import took 0.093432 seconds .

========================================================================
Received Import Request.
  Time since last request: 0.000378 seconds.
  path: Assets/Simple 2D Platformer BE2/Sprites/Objects.png
  artifactKey: Guid(f73dfe034c22cfc41bd7e8799020a5ac) Importer(815301076,1909f56bfc062723c751e8b465ee728b)
Start importing Assets/Simple 2D Platformer BE2/Sprites/Objects.png using Guid(f73dfe034c22cfc41bd7e8799020a5ac) Importer(815301076,1909f56bfc062723c751e8b465ee728b)  -> (artifact id: '73648cdf34f3652683fb26519be27d61') in 0.023620 seconds 
  Import took 0.032451 seconds .

========================================================================
Received Import Request.
  Time since last request: 0.003223 seconds.
  path: Assets/Simple 2D Platformer BE2/Sprites/Platforms.png
  artifactKey: Guid(e85c6e02fda4a004b84664f435ad4d73) Importer(815301076,1909f56bfc062723c751e8b465ee728b)
Start importing Assets/Simple 2D Platformer BE2/Sprites/Platforms.png using Guid(e85c6e02fda4a004b84664f435ad4d73) Importer(815301076,1909f56bfc062723c751e8b465ee728b)  -> (artifact id: 'a52b6fa6ea283d96fccc74d780e81e15') in 0.102132 seconds 
  Import took 0.112153 seconds .

========================================================================
Received Import Request.
  Time since last request: 0.000384 seconds.
  path: Assets/Simple 2D Platformer BE2/Sprites/Enemy.png
  artifactKey: Guid(5d4daff38e3d9174b873918abcf2c1d4) Importer(815301076,1909f56bfc062723c751e8b465ee728b)
Start importing Assets/Simple 2D Platformer BE2/Sprites/Enemy.png using Guid(5d4daff38e3d9174b873918abcf2c1d4) Importer(815301076,1909f56bfc062723c751e8b465ee728b)  -> (artifact id: '06cc7827525214132a1641a718b9c35f') in 0.062089 seconds 
  Import took 0.070240 seconds .

========================================================================
Received Import Request.
  Time since last request: 0.000672 seconds.
  path: Assets/Simple 2D Platformer BE2/Sprites/Player.png
  artifactKey: Guid(10f3cacccb0c4c547be76836eba20664) Importer(815301076,1909f56bfc062723c751e8b465ee728b)
Start importing Assets/Simple 2D Platformer BE2/Sprites/Player.png using Guid(10f3cacccb0c4c547be76836eba20664) Importer(815301076,1909f56bfc062723c751e8b465ee728b)  -> (artifact id: '2f784e1b6f6dc238b0957e0aa4d7e356') in 0.069904 seconds 
  Import took 0.076479 seconds .

========================================================================
Received Import Request.
  Time since last request: 14.323890 seconds.
  path: Assets/CharacterEditorPackage/Prefabs/CharacterControllers/ClassicCharacter.prefab
  artifactKey: Guid(006d181c7f39aa7469a46c0b4f98d4d7) Importer(815301076,1909f56bfc062723c751e8b465ee728b)
Start importing Assets/CharacterEditorPackage/Prefabs/CharacterControllers/ClassicCharacter.prefab using Guid(006d181c7f39aa7469a46c0b4f98d4d7) Importer(815301076,1909f56bfc062723c751e8b465ee728b)  -> (artifact id: '1a8a1bb9358d56471ac70573693445a3') in 0.211185 seconds 
  Import took 0.218788 seconds .

========================================================================
Received Import Request.
  Time since last request: 0.000364 seconds.
  path: Assets/CharacterEditorPackage/Prefabs/AbilityModules/ClassicPlayer/ClassicSwimModule.prefab
  artifactKey: Guid(60aef934d1adef64685f6dce80a8e0ad) Importer(815301076,1909f56bfc062723c751e8b465ee728b)
Start importing Assets/CharacterEditorPackage/Prefabs/AbilityModules/ClassicPlayer/ClassicSwimModule.prefab using Guid(60aef934d1adef64685f6dce80a8e0ad) Importer(815301076,1909f56bfc062723c751e8b465ee728b)  -> (artifact id: 'eb8ed538dc97baf89aa9791534eea094') in 0.011482 seconds 
  Import took 0.018661 seconds .

========================================================================
Received Import Request.
  Time since last request: 0.000380 seconds.
  path: Assets/CharacterEditorPackage/Prefabs/AbilityModules/DefaultPlayer/DefaultSlidingModule.prefab
  artifactKey: Guid(cdf64a3e60e072246b68b318588201f4) Importer(815301076,1909f56bfc062723c751e8b465ee728b)
Start importing Assets/CharacterEditorPackage/Prefabs/AbilityModules/DefaultPlayer/DefaultSlidingModule.prefab using Guid(cdf64a3e60e072246b68b318588201f4) Importer(815301076,1909f56bfc062723c751e8b465ee728b)  -> (artifact id: '345ab3a138c746fac3d92be5fe419bc7') in 0.015365 seconds 
  Import took 0.026386 seconds .

========================================================================
Received Import Request.
  Time since last request: 0.000371 seconds.
  path: Assets/CharacterEditorPackage/Prefabs/AbilityModules/ClassicPlayer/ClassicDropDownModule.prefab
  artifactKey: Guid(ed933e4448b161049bd7a955417172f2) Importer(815301076,1909f56bfc062723c751e8b465ee728b)
Start importing Assets/CharacterEditorPackage/Prefabs/AbilityModules/ClassicPlayer/ClassicDropDownModule.prefab using Guid(ed933e4448b161049bd7a955417172f2) Importer(815301076,1909f56bfc062723c751e8b465ee728b)  -> (artifact id: '77c16a5f310ee0eb896844d327c6bd10') in 0.016825 seconds 
  Import took 0.025220 seconds .

========================================================================
Received Import Request.
  Time since last request: 0.000331 seconds.
  path: Assets/CharacterEditorPackage/Prefabs/AbilityModules/ClassicPlayer/ClassicNetModule.prefab
  artifactKey: Guid(eb7dea1fafd118f47ae401ce63b16ac5) Importer(815301076,1909f56bfc062723c751e8b465ee728b)
Start importing Assets/CharacterEditorPackage/Prefabs/AbilityModules/ClassicPlayer/ClassicNetModule.prefab using Guid(eb7dea1fafd118f47ae401ce63b16ac5) Importer(815301076,1909f56bfc062723c751e8b465ee728b)  -> (artifact id: '5358f0fbd56044d4d90b5a128de976c5') in 0.019019 seconds 
  Import took 0.030350 seconds .

========================================================================
Received Import Request.
  Time since last request: 0.000495 seconds.
  path: Assets/CharacterEditorPackage/Prefabs/AbilityModules/DefaultPlayer/DefaultEdgeJumpModule.prefab
  artifactKey: Guid(0d3024013c3055c4b9fd11f37c1eb532) Importer(815301076,1909f56bfc062723c751e8b465ee728b)
Start importing Assets/CharacterEditorPackage/Prefabs/AbilityModules/DefaultPlayer/DefaultEdgeJumpModule.prefab using Guid(0d3024013c3055c4b9fd11f37c1eb532) Importer(815301076,1909f56bfc062723c751e8b465ee728b)  -> (artifact id: '5195875dd80e6a04f9e0b4e0d30a8457') in 0.013797 seconds 
  Import took 0.022689 seconds .

========================================================================
Received Import Request.
  Time since last request: 0.000417 seconds.
  path: Assets/CharacterEditorPackage/Prefabs/AbilityModules/ClassicPlayer/ClassicWallJumpModule 1.prefab
  artifactKey: Guid(3db6b650aacfae54a8d7cbd2fa4f10e1) Importer(815301076,1909f56bfc062723c751e8b465ee728b)
Start importing Assets/CharacterEditorPackage/Prefabs/AbilityModules/ClassicPlayer/ClassicWallJumpModule 1.prefab using Guid(3db6b650aacfae54a8d7cbd2fa4f10e1) Importer(815301076,1909f56bfc062723c751e8b465ee728b)  -> (artifact id: 'bcdaef482d347afd436e0c577d8a2c79') in 0.013531 seconds 
  Import took 0.023976 seconds .

========================================================================
Received Import Request.
  Time since last request: 0.000314 seconds.
  path: Assets/CharacterEditorPackage/Prefabs/AbilityModules/DefaultPlayer/DefaultLedgeHangModule.prefab
  artifactKey: Guid(ac1a38f10c8572b4c88f538c0a907208) Importer(815301076,1909f56bfc062723c751e8b465ee728b)
Start importing Assets/CharacterEditorPackage/Prefabs/AbilityModules/DefaultPlayer/DefaultLedgeHangModule.prefab using Guid(ac1a38f10c8572b4c88f538c0a907208) Importer(815301076,1909f56bfc062723c751e8b465ee728b)  -> (artifact id: 'a993d19c005235ca639ce7f1757b0f26') in 0.013959 seconds 
  Import took 0.024578 seconds .

========================================================================
Received Import Request.
  Time since last request: 0.000363 seconds.
  path: Assets/CharacterEditorPackage/Prefabs/AbilityModules/HeroCubePlayer/HCNetModule.prefab
  artifactKey: Guid(c36ae67e7c734e04891d9809cdee0090) Importer(815301076,1909f56bfc062723c751e8b465ee728b)
Start importing Assets/CharacterEditorPackage/Prefabs/AbilityModules/HeroCubePlayer/HCNetModule.prefab using Guid(c36ae67e7c734e04891d9809cdee0090) Importer(815301076,1909f56bfc062723c751e8b465ee728b)  -> (artifact id: '551d0255d2b0dae3fc470cacebada4b8') in 0.015137 seconds 
  Import took 0.025796 seconds .

========================================================================
Received Import Request.
  Time since last request: 0.000454 seconds.
  path: Assets/CharacterEditorPackage/Prefabs/AbilityModules/DefaultPlayer/DefaultEdgeClimbModule.prefab
  artifactKey: Guid(6232f98e295a8ed4288b4152982452a2) Importer(815301076,1909f56bfc062723c751e8b465ee728b)
Start importing Assets/CharacterEditorPackage/Prefabs/AbilityModules/DefaultPlayer/DefaultEdgeClimbModule.prefab using Guid(6232f98e295a8ed4288b4152982452a2) Importer(815301076,1909f56bfc062723c751e8b465ee728b)  -> (artifact id: '47eb21b595afbc78c7aacea4b1f81a13') in 0.016266 seconds 
  Import took 0.027519 seconds .

========================================================================
Received Import Request.
  Time since last request: 0.002228 seconds.
  path: Assets/CharacterEditorPackage/Prefabs/AbilityModules/DefaultPlayer/DefaultWallClimbModule.prefab
  artifactKey: Guid(a7447b2b747ccc641bc5e354cd7f5186) Importer(815301076,1909f56bfc062723c751e8b465ee728b)
Start importing Assets/CharacterEditorPackage/Prefabs/AbilityModules/DefaultPlayer/DefaultWallClimbModule.prefab using Guid(a7447b2b747ccc641bc5e354cd7f5186) Importer(815301076,1909f56bfc062723c751e8b465ee728b)  -> (artifact id: '872ee435e1723c3449fa2f9eb159d52f') in 0.012880 seconds 
  Import took 0.019283 seconds .

========================================================================
Received Import Request.
  Time since last request: 0.002297 seconds.
  path: Assets/CharacterEditorPackage/Prefabs/AbilityModules/DefaultPlayer/DefaultZiplineModule.prefab
  artifactKey: Guid(f2d9c165b8886ee4ab9006d90dba9843) Importer(815301076,1909f56bfc062723c751e8b465ee728b)
Start importing Assets/CharacterEditorPackage/Prefabs/AbilityModules/DefaultPlayer/DefaultZiplineModule.prefab using Guid(f2d9c165b8886ee4ab9006d90dba9843) Importer(815301076,1909f56bfc062723c751e8b465ee728b)  -> (artifact id: '43c99ab014ae9760d634986c5220b235') in 0.020163 seconds 
  Import took 0.030026 seconds .

========================================================================
Received Import Request.
  Time since last request: 0.000293 seconds.
  path: Assets/CharacterEditorPackage/Prefabs/CharacterControllers/HeroCubeCharacter.prefab
  artifactKey: Guid(32e471deaa16faf4f893a65df3633237) Importer(815301076,1909f56bfc062723c751e8b465ee728b)
Start importing Assets/CharacterEditorPackage/Prefabs/CharacterControllers/HeroCubeCharacter.prefab using Guid(32e471deaa16faf4f893a65df3633237) Importer(815301076,1909f56bfc062723c751e8b465ee728b)  -> (artifact id: 'f45930a022fdb929d5eb1eb1778a490b') in 2.719192 seconds 
  Import took 2.728199 seconds .

========================================================================
Received Import Request.
  Time since last request: 0.000439 seconds.
  path: Assets/CharacterEditorPackage/Prefabs/LevelObjects/Ladder.prefab
  artifactKey: Guid(48fc2704841a474468e2eb61f490df06) Importer(815301076,1909f56bfc062723c751e8b465ee728b)
Start importing Assets/CharacterEditorPackage/Prefabs/LevelObjects/Ladder.prefab using Guid(48fc2704841a474468e2eb61f490df06) Importer(815301076,1909f56bfc062723c751e8b465ee728b)  -> (artifact id: '8f7d5c10ad53b59a01ae240fe8f406e7') in 0.124014 seconds 
  Import took 0.130480 seconds .

========================================================================
Received Import Request.
  Time since last request: 0.000544 seconds.
  path: Assets/CharacterEditorPackage/Prefabs/LevelObjects/Net.prefab
  artifactKey: Guid(90316e6151d649d4ab2fec016d5426ac) Importer(815301076,1909f56bfc062723c751e8b465ee728b)
Start importing Assets/CharacterEditorPackage/Prefabs/LevelObjects/Net.prefab using Guid(90316e6151d649d4ab2fec016d5426ac) Importer(815301076,1909f56bfc062723c751e8b465ee728b)  -> (artifact id: '8efa55708c1b66799735f2cc7c04adf9') in 0.021980 seconds 
  Import took 0.029429 seconds .

========================================================================
Received Import Request.
  Time since last request: 0.000344 seconds.
  path: Assets/CharacterEditorPackage/Prefabs/LevelObjects/Water.prefab
  artifactKey: Guid(cc53c125eda66d148b93433043b46930) Importer(815301076,1909f56bfc062723c751e8b465ee728b)
Start importing Assets/CharacterEditorPackage/Prefabs/LevelObjects/Water.prefab using Guid(cc53c125eda66d148b93433043b46930) Importer(815301076,1909f56bfc062723c751e8b465ee728b)  -> (artifact id: '2a1a952cd5d957cbf0b1d7b84809498f') in 0.443933 seconds 
  Import took 0.451446 seconds .

========================================================================
Received Import Request.
  Time since last request: 0.000417 seconds.
  path: Assets/CharacterEditorPackage/Prefabs/LevelObjects/Fingers.prefab
  artifactKey: Guid(c7c051f6ea9dac84d9642fff173ee31c) Importer(815301076,1909f56bfc062723c751e8b465ee728b)
Start importing Assets/CharacterEditorPackage/Prefabs/LevelObjects/Fingers.prefab using Guid(c7c051f6ea9dac84d9642fff173ee31c) Importer(815301076,1909f56bfc062723c751e8b465ee728b)  -> (artifact id: '34634db899579ca105cee33d0f6b9289') in 0.029558 seconds 
  Import took 0.038726 seconds .

========================================================================
Received Import Request.
  Time since last request: 0.000410 seconds.
  path: Assets/CharacterEditorPackage/Prefabs/AbilityModules/HeroCubePlayer/HCWallJumpModule.prefab
  artifactKey: Guid(3ae041c96b15e584e82ca9f9c931ffb9) Importer(815301076,1909f56bfc062723c751e8b465ee728b)
Start importing Assets/CharacterEditorPackage/Prefabs/AbilityModules/HeroCubePlayer/HCWallJumpModule.prefab using Guid(3ae041c96b15e584e82ca9f9c931ffb9) Importer(815301076,1909f56bfc062723c751e8b465ee728b)  -> (artifact id: 'faeb9c16f84364a908d044b87cb62acf') in 0.014527 seconds 
  Import took 0.021941 seconds .

========================================================================
Received Import Request.
  Time since last request: 0.001879 seconds.
  path: Assets/CharacterEditorPackage/Prefabs/LevelObjects/SpawnPointSetter.prefab
  artifactKey: Guid(aeb4bc3f575504e4581f420688f00958) Importer(815301076,1909f56bfc062723c751e8b465ee728b)
Start importing Assets/CharacterEditorPackage/Prefabs/LevelObjects/SpawnPointSetter.prefab using Guid(aeb4bc3f575504e4581f420688f00958) Importer(815301076,1909f56bfc062723c751e8b465ee728b)  -> (artifact id: '4320c2a5bb1aa66e964642522bceed43') in 0.025706 seconds 
  Import took 0.037177 seconds .

========================================================================
Received Import Request.
  Time since last request: 0.005224 seconds.
  path: Assets/CharacterEditorPackage/Prefabs/LevelObjects/SwayingBlock.prefab
  artifactKey: Guid(183257cd94380c247ae644a4e24c722d) Importer(815301076,1909f56bfc062723c751e8b465ee728b)
Start importing Assets/CharacterEditorPackage/Prefabs/LevelObjects/SwayingBlock.prefab using Guid(183257cd94380c247ae644a4e24c722d) Importer(815301076,1909f56bfc062723c751e8b465ee728b)  -> (artifact id: '91eff0ef6f11567469f3b03579b4ebd6') in 0.024537 seconds 
  Import took 0.033358 seconds .

========================================================================
Received Import Request.
  Time since last request: 0.000565 seconds.
  path: Assets/CharacterEditorPackage/Prefabs/AbilityModules/HeroCubePlayer/HCWallStickModule.prefab
  artifactKey: Guid(68c8afd11120a234eb28e58cce8be8f3) Importer(815301076,1909f56bfc062723c751e8b465ee728b)
Start importing Assets/CharacterEditorPackage/Prefabs/AbilityModules/HeroCubePlayer/HCWallStickModule.prefab using Guid(68c8afd11120a234eb28e58cce8be8f3) Importer(815301076,1909f56bfc062723c751e8b465ee728b)  -> (artifact id: '9d35f197eddc851d074b0e74c993bc6e') in 0.013665 seconds 
  Import took 0.022350 seconds .

========================================================================
Received Import Request.
  Time since last request: 0.000736 seconds.
  path: Assets/CharacterEditorPackage/Prefabs/AbilityModules/ClassicPlayer/ClassicLadderModule.prefab
  artifactKey: Guid(f9af53d59b606ba42a30d090bab01c1e) Importer(815301076,1909f56bfc062723c751e8b465ee728b)
Start importing Assets/CharacterEditorPackage/Prefabs/AbilityModules/ClassicPlayer/ClassicLadderModule.prefab using Guid(f9af53d59b606ba42a30d090bab01c1e) Importer(815301076,1909f56bfc062723c751e8b465ee728b)  -> (artifact id: 'd52c83e87535ca76b3be238cc489040f') in 0.019726 seconds 
  Import took 0.027396 seconds .

========================================================================
Received Import Request.
  Time since last request: 0.000379 seconds.
  path: Assets/CharacterEditorPackage/Prefabs/LevelObjects/OneWayPlatform.prefab
  artifactKey: Guid(2749a589064414c4c9e9a08eba604aba) Importer(815301076,1909f56bfc062723c751e8b465ee728b)
Start importing Assets/CharacterEditorPackage/Prefabs/LevelObjects/OneWayPlatform.prefab using Guid(2749a589064414c4c9e9a08eba604aba) Importer(815301076,1909f56bfc062723c751e8b465ee728b)  -> (artifact id: '23ad3bfaa19fb2e839d26ed7bb060abd') in 0.024371 seconds 
  Import took 0.031693 seconds .

========================================================================
Received Import Request.
  Time since last request: 0.000606 seconds.
  path: Assets/CharacterEditorPackage/Prefabs/AbilityModules/DefaultPlayer/DefaultCrouchingModule.prefab
  artifactKey: Guid(db4d5e4798d735c4390b77f17b4ecafa) Importer(815301076,1909f56bfc062723c751e8b465ee728b)
Start importing Assets/CharacterEditorPackage/Prefabs/AbilityModules/DefaultPlayer/DefaultCrouchingModule.prefab using Guid(db4d5e4798d735c4390b77f17b4ecafa) Importer(815301076,1909f56bfc062723c751e8b465ee728b)  -> (artifact id: '1cc2dfd98b37836ca605c9a6ab13911b') in 0.017042 seconds 
  Import took 0.030648 seconds .

========================================================================
Received Import Request.
  Time since last request: 0.000385 seconds.
  path: Assets/CharacterEditorPackage/Prefabs/AbilityModules/DefaultPlayer/DefaultDoubleJumpModule.prefab
  artifactKey: Guid(7c41d2e39e2d2cb45b11d66bcd95d162) Importer(815301076,1909f56bfc062723c751e8b465ee728b)
Start importing Assets/CharacterEditorPackage/Prefabs/AbilityModules/DefaultPlayer/DefaultDoubleJumpModule.prefab using Guid(7c41d2e39e2d2cb45b11d66bcd95d162) Importer(815301076,1909f56bfc062723c751e8b465ee728b)  -> (artifact id: 'd6287cc0cfb52e4b8910cfe0cee1008c') in 0.020559 seconds 
  Import took 0.032122 seconds .

========================================================================
Received Import Request.
  Time since last request: 0.001040 seconds.
  path: Assets/CharacterEditorPackage/Prefabs/AbilityModules/DefaultPlayer/DefaultWallJumpModule.prefab
  artifactKey: Guid(8b0421b8281958946b42c97103c01ed9) Importer(815301076,1909f56bfc062723c751e8b465ee728b)
Start importing Assets/CharacterEditorPackage/Prefabs/AbilityModules/DefaultPlayer/DefaultWallJumpModule.prefab using Guid(8b0421b8281958946b42c97103c01ed9) Importer(815301076,1909f56bfc062723c751e8b465ee728b)  -> (artifact id: '1d75a873015eeab454da48f189571538') in 0.016869 seconds 
  Import took 0.026881 seconds .

========================================================================
Received Import Request.
  Time since last request: 0.000514 seconds.
  path: Assets/CharacterEditorPackage/Prefabs/AbilityModules/HeroCubePlayer/HCDropDownModule.prefab
  artifactKey: Guid(b0bc480ca5f01e9459cd9b27e7e82cf6) Importer(815301076,1909f56bfc062723c751e8b465ee728b)
Start importing Assets/CharacterEditorPackage/Prefabs/AbilityModules/HeroCubePlayer/HCDropDownModule.prefab using Guid(b0bc480ca5f01e9459cd9b27e7e82cf6) Importer(815301076,1909f56bfc062723c751e8b465ee728b)  -> (artifact id: 'dce9ad7f5b0768bbb1b3e5672b612c0f') in 0.017951 seconds 
  Import took 0.026668 seconds .

========================================================================
Received Import Request.
  Time since last request: 0.000484 seconds.
  path: Assets/CharacterEditorPackage/Prefabs/CharacterControllers/DefaultCharacter.prefab
  artifactKey: Guid(f6ad21bb9b40ea348abcb11e8f401c0c) Importer(815301076,1909f56bfc062723c751e8b465ee728b)
Start importing Assets/CharacterEditorPackage/Prefabs/CharacterControllers/DefaultCharacter.prefab using Guid(f6ad21bb9b40ea348abcb11e8f401c0c) Importer(815301076,1909f56bfc062723c751e8b465ee728b)  -> (artifact id: 'bda11d587237e71ba40c815905f35dc4') in 0.166057 seconds 
  Import took 0.179825 seconds .

========================================================================
Received Import Request.
  Time since last request: 0.000330 seconds.
  path: Assets/CharacterEditorPackage/Prefabs/LevelObjects/Zipline.prefab
  artifactKey: Guid(f640a98d661c97d4ab3cdee0172fd941) Importer(815301076,1909f56bfc062723c751e8b465ee728b)
Start importing Assets/CharacterEditorPackage/Prefabs/LevelObjects/Zipline.prefab using Guid(f640a98d661c97d4ab3cdee0172fd941) Importer(815301076,1909f56bfc062723c751e8b465ee728b)  -> (artifact id: 'b619c25d579b86ba9957c18037ef5009') in 0.025624 seconds 
  Import took 0.037631 seconds .

========================================================================
Received Import Request.
  Time since last request: 0.000583 seconds.
  path: Assets/CharacterEditorPackage/Prefabs/AbilityModules/DefaultPlayer/DefaultWallSlidingModule.prefab
  artifactKey: Guid(d567f2935f125254e8b329cf6a325a22) Importer(815301076,1909f56bfc062723c751e8b465ee728b)
Start importing Assets/CharacterEditorPackage/Prefabs/AbilityModules/DefaultPlayer/DefaultWallSlidingModule.prefab using Guid(d567f2935f125254e8b329cf6a325a22) Importer(815301076,1909f56bfc062723c751e8b465ee728b)  -> (artifact id: '9ea9556d04c14684db8a25b4a6eb10bb') in 0.011464 seconds 
  Import took 0.021147 seconds .

========================================================================
Received Import Request.
  Time since last request: 0.000605 seconds.
  path: Assets/CharacterEditorPackage/Prefabs/LevelObjects/CurvedSkateline.prefab
  artifactKey: Guid(51ccc0f4db610de4f8c226d167deb439) Importer(815301076,1909f56bfc062723c751e8b465ee728b)
Start importing Assets/CharacterEditorPackage/Prefabs/LevelObjects/CurvedSkateline.prefab using Guid(51ccc0f4db610de4f8c226d167deb439) Importer(815301076,1909f56bfc062723c751e8b465ee728b)  -> (artifact id: '3dbbd7fd4e54efff145c56a2d7f3b43f') in 0.029384 seconds 
  Import took 0.039815 seconds .

========================================================================
Received Import Request.
  Time since last request: 0.007608 seconds.
  path: Assets/CharacterEditorPackage/Prefabs/AbilityModules/DefaultPlayer/DefaultDashModule.prefab
  artifactKey: Guid(4d2803a0091035c4ebc767b60f7db0b7) Importer(815301076,1909f56bfc062723c751e8b465ee728b)
Start importing Assets/CharacterEditorPackage/Prefabs/AbilityModules/DefaultPlayer/DefaultDashModule.prefab using Guid(4d2803a0091035c4ebc767b60f7db0b7) Importer(815301076,1909f56bfc062723c751e8b465ee728b)  -> (artifact id: '18b1d090ebccbb6c66af506195d3a910') in 0.016915 seconds 
  Import took 0.028323 seconds .

========================================================================
Received Import Request.
  Time since last request: 0.000490 seconds.
  path: Assets/CharacterEditorPackage/Prefabs/AbilityModules/DefaultPlayer/DefaultWallRunModule.prefab
  artifactKey: Guid(492c0fea12f6d1c4ebe95fc629bea566) Importer(815301076,1909f56bfc062723c751e8b465ee728b)
Start importing Assets/CharacterEditorPackage/Prefabs/AbilityModules/DefaultPlayer/DefaultWallRunModule.prefab using Guid(492c0fea12f6d1c4ebe95fc629bea566) Importer(815301076,1909f56bfc062723c751e8b465ee728b)  -> (artifact id: '0062b3394cd24fba2eb7f9e25085dd82') in 0.029061 seconds 
  Import took 0.076404 seconds .

========================================================================
Received Import Request.
  Time since last request: 0.000436 seconds.
  path: Assets/CharacterEditorPackage/Prefabs/AbilityModules/HeroCubePlayer/HCJetpackModule.prefab
  artifactKey: Guid(eee5ddaa23696c446a48847eafad35a2) Importer(815301076,1909f56bfc062723c751e8b465ee728b)
Start importing Assets/CharacterEditorPackage/Prefabs/AbilityModules/HeroCubePlayer/HCJetpackModule.prefab using Guid(eee5ddaa23696c446a48847eafad35a2) Importer(815301076,1909f56bfc062723c751e8b465ee728b)  -> (artifact id: '1d893eb834da8a35c620a194159c4a4e') in 0.033257 seconds 
  Import took 0.044445 seconds .

========================================================================
Received Import Request.
  Time since last request: 0.000160 seconds.
  path: Assets/CharacterEditorPackage/Prefabs/AbilityModules/HeroCubePlayer/HCWallSlidingModule.prefab
  artifactKey: Guid(68b1e474e027da241b2cda440caec3d0) Importer(815301076,1909f56bfc062723c751e8b465ee728b)
Start importing Assets/CharacterEditorPackage/Prefabs/AbilityModules/HeroCubePlayer/HCWallSlidingModule.prefab using Guid(68b1e474e027da241b2cda440caec3d0) Importer(815301076,1909f56bfc062723c751e8b465ee728b)  -> (artifact id: '207556e0cf8907122b9bf5f6d9b10c9d') in 0.013898 seconds 
  Import took 0.021809 seconds .

========================================================================
Received Import Request.
  Time since last request: 0.000355 seconds.
  path: Assets/CharacterEditorPackage/Prefabs/LevelObjects/MovingTuningFork.prefab
  artifactKey: Guid(97fd6cd84ac75ab4692765641b30e947) Importer(815301076,1909f56bfc062723c751e8b465ee728b)
Start importing Assets/CharacterEditorPackage/Prefabs/LevelObjects/MovingTuningFork.prefab using Guid(97fd6cd84ac75ab4692765641b30e947) Importer(815301076,1909f56bfc062723c751e8b465ee728b)  -> (artifact id: '698988eaff24d7cb95f95fbde4906905') in 0.031424 seconds 
  Import took 0.040907 seconds .

========================================================================
Received Import Request.
  Time since last request: 0.000394 seconds.
  path: Assets/CharacterEditorPackage/Prefabs/LevelObjects/Skateline.prefab
  artifactKey: Guid(00d5cfe58e4e0d442a749659cda01030) Importer(815301076,1909f56bfc062723c751e8b465ee728b)
Start importing Assets/CharacterEditorPackage/Prefabs/LevelObjects/Skateline.prefab using Guid(00d5cfe58e4e0d442a749659cda01030) Importer(815301076,1909f56bfc062723c751e8b465ee728b)  -> (artifact id: '6a504532dcc1d0fd4222664514386264') in 0.026548 seconds 
  Import took 0.037112 seconds .

========================================================================
Received Import Request.
  Time since last request: 0.000502 seconds.
  path: Assets/CharacterEditorPackage/Prefabs/LevelObjects/CurvedZipline.prefab
  artifactKey: Guid(0938025e598023e4fbe973af54078ae3) Importer(815301076,1909f56bfc062723c751e8b465ee728b)
Start importing Assets/CharacterEditorPackage/Prefabs/LevelObjects/CurvedZipline.prefab using Guid(0938025e598023e4fbe973af54078ae3) Importer(815301076,1909f56bfc062723c751e8b465ee728b)  -> (artifact id: '617e1916a72c4cb6e6ce71351158963e') in 0.022413 seconds 
  Import took 0.033818 seconds .

========================================================================
Received Import Request.
  Time since last request: 0.000396 seconds.
  path: Assets/CharacterEditorPackage/Prefabs/AbilityModules/ClassicPlayer/ClassicSprintModule 1.prefab
  artifactKey: Guid(34c10f2ae0e217c4fa17ba2fa4c65588) Importer(815301076,1909f56bfc062723c751e8b465ee728b)
Start importing Assets/CharacterEditorPackage/Prefabs/AbilityModules/ClassicPlayer/ClassicSprintModule 1.prefab using Guid(34c10f2ae0e217c4fa17ba2fa4c65588) Importer(815301076,1909f56bfc062723c751e8b465ee728b)  -> (artifact id: 'dd9f1477783f9eac9f9220954c16f9db') in 0.017106 seconds 
  Import took 0.025297 seconds .

========================================================================
Received Import Request.
  Time since last request: 0.000590 seconds.
  path: Assets/CharacterEditorPackage/Prefabs/LevelObjects/WorldTurnPoint.prefab
  artifactKey: Guid(5b91ba92a14b88b418f41ae0c3c97066) Importer(815301076,1909f56bfc062723c751e8b465ee728b)
Start importing Assets/CharacterEditorPackage/Prefabs/LevelObjects/WorldTurnPoint.prefab using Guid(5b91ba92a14b88b418f41ae0c3c97066) Importer(815301076,1909f56bfc062723c751e8b465ee728b)  -> (artifact id: '622a6457b896b759ff2d90a1220ead54') in 0.016834 seconds 
  Import took 0.025519 seconds .

========================================================================
Received Import Request.
  Time since last request: 0.000388 seconds.
  path: Assets/CharacterEditorPackage/Prefabs/LevelObjects/PathFollower.prefab
  artifactKey: Guid(da36be208260e1547a74fc3666a209e1) Importer(815301076,1909f56bfc062723c751e8b465ee728b)
Start importing Assets/CharacterEditorPackage/Prefabs/LevelObjects/PathFollower.prefab using Guid(da36be208260e1547a74fc3666a209e1) Importer(815301076,1909f56bfc062723c751e8b465ee728b)  -> (artifact id: '4dbf12039a0b3d972a9f73634b8e4550') in 0.024474 seconds 
  Import took 0.036424 seconds .

========================================================================
Received Import Request.
  Time since last request: 0.000495 seconds.
  path: Assets/CharacterEditorPackage/Prefabs/AbilityModules/ClassicPlayer/ClassicWallSlidingModule 1.prefab
  artifactKey: Guid(6bd98b0b7298ce74aa1af40ca825c215) Importer(815301076,1909f56bfc062723c751e8b465ee728b)
Start importing Assets/CharacterEditorPackage/Prefabs/AbilityModules/ClassicPlayer/ClassicWallSlidingModule 1.prefab using Guid(6bd98b0b7298ce74aa1af40ca825c215) Importer(815301076,1909f56bfc062723c751e8b465ee728b)  -> (artifact id: '3c4e5e40b6614764f5079eb3777d44a1') in 0.017677 seconds 
  Import took 0.031207 seconds .

========================================================================
Received Import Request.
  Time since last request: 0.000603 seconds.
  path: Assets/CharacterEditorPackage/Prefabs/AbilityModules/DefaultPlayer/DefaultSprintModule.prefab
  artifactKey: Guid(55af2d208816dbd48b93f3136ef55800) Importer(815301076,1909f56bfc062723c751e8b465ee728b)
Start importing Assets/CharacterEditorPackage/Prefabs/AbilityModules/DefaultPlayer/DefaultSprintModule.prefab using Guid(55af2d208816dbd48b93f3136ef55800) Importer(815301076,1909f56bfc062723c751e8b465ee728b)  -> (artifact id: '2c5da547ca6038c03f48a92f238ca675') in 0.010013 seconds 
  Import took 0.020464 seconds .

========================================================================
Received Import Request.
  Time since last request: 6.755770 seconds.
  path: Assets/CharacterEditorPackage/Materials/Black.mat
  artifactKey: Guid(fda563801e4b5cf4fb8376a37330fe7c) Importer(815301076,1909f56bfc062723c751e8b465ee728b)
Start importing Assets/CharacterEditorPackage/Materials/Black.mat using Guid(fda563801e4b5cf4fb8376a37330fe7c) Importer(815301076,1909f56bfc062723c751e8b465ee728b)  -> (artifact id: 'c4fa677db11043f16cb6f1bf3ed62391') in 0.414306 seconds 
  Import took 0.421425 seconds .

========================================================================
Received Import Request.
  Time since last request: 0.003729 seconds.
  path: Assets/CharacterEditorPackage/Models/HeroCube/Materials/No Name.mat
  artifactKey: Guid(97848a0a613c6814dad797f2517c8aff) Importer(815301076,1909f56bfc062723c751e8b465ee728b)
Start importing Assets/CharacterEditorPackage/Models/HeroCube/Materials/No Name.mat using Guid(97848a0a613c6814dad797f2517c8aff) Importer(815301076,1909f56bfc062723c751e8b465ee728b)  -> (artifact id: 'eee7a1ec49a06cfd9b89720f0606a0ef') in 0.024414 seconds 
  Import took 0.031545 seconds .

========================================================================
Received Import Request.
  Time since last request: 0.001325 seconds.
  path: Assets/CharacterEditorPackage/Materials/Water.mat
  artifactKey: Guid(b56f3893540d44a42872273a21e666d8) Importer(815301076,1909f56bfc062723c751e8b465ee728b)
Start importing Assets/CharacterEditorPackage/Materials/Water.mat using Guid(b56f3893540d44a42872273a21e666d8) Importer(815301076,1909f56bfc062723c751e8b465ee728b)  -> (artifact id: '2decefb8860c39566193c29024a5c365') in 0.018836 seconds 
  Import took 0.027644 seconds .

========================================================================
Received Import Request.
  Time since last request: 0.000362 seconds.
  path: Assets/CharacterEditorPackage/Materials/Jetpack.mat
  artifactKey: Guid(5548da7e57831e648a25ab621d062c95) Importer(815301076,1909f56bfc062723c751e8b465ee728b)
Start importing Assets/CharacterEditorPackage/Materials/Jetpack.mat using Guid(5548da7e57831e648a25ab621d062c95) Importer(815301076,1909f56bfc062723c751e8b465ee728b)  -> (artifact id: '25c4eb3f2ecedd343cbd944d71fcc152') in 0.028615 seconds 
  Import took 0.040655 seconds .

========================================================================
Received Import Request.
  Time since last request: 0.000641 seconds.
  path: Assets/CharacterEditorPackage/Materials/WaterBack.mat
  artifactKey: Guid(e4505987b687309458c5388903d4fa80) Importer(815301076,1909f56bfc062723c751e8b465ee728b)
Start importing Assets/CharacterEditorPackage/Materials/WaterBack.mat using Guid(e4505987b687309458c5388903d4fa80) Importer(815301076,1909f56bfc062723c751e8b465ee728b)  -> (artifact id: '19b8ca611271037cc1400e084ed7fc1b') in 0.023310 seconds 
  Import took 0.040696 seconds .

========================================================================
Received Import Request.
  Time since last request: 0.000291 seconds.
  path: Assets/CharacterEditorPackage/Materials/RedTransparent.mat
  artifactKey: Guid(26eaaecaa3931b54aa7ccaf2386bdd0c) Importer(815301076,1909f56bfc062723c751e8b465ee728b)
Start importing Assets/CharacterEditorPackage/Materials/RedTransparent.mat using Guid(26eaaecaa3931b54aa7ccaf2386bdd0c) Importer(815301076,1909f56bfc062723c751e8b465ee728b)  -> (artifact id: 'a0e897804a0e6746a05b51e654f565e8') in 0.022048 seconds 
  Import took 0.030533 seconds .

========================================================================
Received Import Request.
  Time since last request: 0.000483 seconds.
  path: Assets/CharacterEditorPackage/Materials/Green.mat
  artifactKey: Guid(a792317e8b2d2df449e1c3b8a9777e32) Importer(815301076,1909f56bfc062723c751e8b465ee728b)
Start importing Assets/CharacterEditorPackage/Materials/Green.mat using Guid(a792317e8b2d2df449e1c3b8a9777e32) Importer(815301076,1909f56bfc062723c751e8b465ee728b)  -> (artifact id: '3b9d2a4e3c52973ca559251778eb73b9') in 0.015430 seconds 
  Import took 0.026669 seconds .

========================================================================
Received Import Request.
  Time since last request: 0.000510 seconds.
  path: Assets/CharacterEditorPackage/Materials/Launcher.mat
  artifactKey: Guid(18b810248a01e484980ca1c9bc7a8e33) Importer(815301076,1909f56bfc062723c751e8b465ee728b)
Start importing Assets/CharacterEditorPackage/Materials/Launcher.mat using Guid(18b810248a01e484980ca1c9bc7a8e33) Importer(815301076,1909f56bfc062723c751e8b465ee728b)  -> (artifact id: 'c3ecbc55176c114df15b583520c06602') in 0.030395 seconds 
  Import took 0.044955 seconds .

========================================================================
Received Import Request.
  Time since last request: 0.000403 seconds.
  path: Assets/CharacterEditorPackage/Materials/Stairs.mat
  artifactKey: Guid(87ea87330594e9c48b27a64c88a88795) Importer(815301076,1909f56bfc062723c751e8b465ee728b)
Start importing Assets/CharacterEditorPackage/Materials/Stairs.mat using Guid(87ea87330594e9c48b27a64c88a88795) Importer(815301076,1909f56bfc062723c751e8b465ee728b)  -> (artifact id: '689531f0677fab43443d0c02556408bc') in 0.023341 seconds 
  Import took 0.035778 seconds .

========================================================================
Received Import Request.
  Time since last request: 0.001605 seconds.
  path: Assets/CharacterEditorPackage/Materials/Blue.mat
  artifactKey: Guid(9de97bf7c0b4bad4487197a69e11c281) Importer(815301076,1909f56bfc062723c751e8b465ee728b)
Start importing Assets/CharacterEditorPackage/Materials/Blue.mat using Guid(9de97bf7c0b4bad4487197a69e11c281) Importer(815301076,1909f56bfc062723c751e8b465ee728b)  -> (artifact id: '5099f423d8c39ad781e1e6dee4ebc56c') in 0.022508 seconds 
  Import took 0.035760 seconds .

========================================================================
Received Import Request.
  Time since last request: 0.000394 seconds.
  path: Assets/CharacterEditorPackage/Models/HeroCube/Materials/HeroCube.mat
  artifactKey: Guid(2a08614abfe159941b7cd74d3c1b5bc8) Importer(815301076,1909f56bfc062723c751e8b465ee728b)
Start importing Assets/CharacterEditorPackage/Models/HeroCube/Materials/HeroCube.mat using Guid(2a08614abfe159941b7cd74d3c1b5bc8) Importer(815301076,1909f56bfc062723c751e8b465ee728b)  -> (artifact id: '94b8e91c30fb7b4ecf13d5d8bce34bf5') in 0.023935 seconds 
  Import took 0.034872 seconds .

========================================================================
Received Import Request.
  Time since last request: 0.000319 seconds.
  path: Assets/CharacterEditorPackage/Materials/Teleporter.mat
  artifactKey: Guid(335a2e1db977bd143bec863f9ec6db7c) Importer(815301076,1909f56bfc062723c751e8b465ee728b)
Start importing Assets/CharacterEditorPackage/Materials/Teleporter.mat using Guid(335a2e1db977bd143bec863f9ec6db7c) Importer(815301076,1909f56bfc062723c751e8b465ee728b)  -> (artifact id: '560d414b944d0d3499dcebab37fd28e0') in 0.014648 seconds 
  Import took 0.035363 seconds .

========================================================================
Received Import Request.
  Time since last request: 0.000383 seconds.
  path: Assets/CharacterEditorPackage/Models/Corner.fbx
  artifactKey: Guid(3e091f1bfccc41245994977eadf2a653) Importer(815301076,1909f56bfc062723c751e8b465ee728b)
Start importing Assets/CharacterEditorPackage/Models/Corner.fbx using Guid(3e091f1bfccc41245994977eadf2a653) Importer(815301076,1909f56bfc062723c751e8b465ee728b)  -> (artifact id: 'c2221d6aab237c4fcdc8eed35580d66b') in 0.480328 seconds 
  Import took 0.493682 seconds .

========================================================================
Received Import Request.
  Time since last request: 0.004974 seconds.
  path: Assets/CharacterEditorPackage/Materials/LightGrey.mat
  artifactKey: Guid(13128fd8ae8fdb749903b6259d27194b) Importer(815301076,1909f56bfc062723c751e8b465ee728b)
Start importing Assets/CharacterEditorPackage/Materials/LightGrey.mat using Guid(13128fd8ae8fdb749903b6259d27194b) Importer(815301076,1909f56bfc062723c751e8b465ee728b)  -> (artifact id: '14f0bf1e5629ff215f11602eb03807f9') in 0.027238 seconds 
  Import took 0.037006 seconds .

========================================================================
Received Import Request.
  Time since last request: 0.000373 seconds.
  path: Assets/CharacterEditorPackage/Models/HeroCube/HeroCube.fbx
  artifactKey: Guid(52d36d33fce325d418954a15ae7b4342) Importer(815301076,1909f56bfc062723c751e8b465ee728b)
Start importing Assets/CharacterEditorPackage/Models/HeroCube/HeroCube.fbx using Guid(52d36d33fce325d418954a15ae7b4342) Importer(815301076,1909f56bfc062723c751e8b465ee728b)  -> (artifact id: '05e29942d249c7106da141e41e2eafab') in 0.138460 seconds 
  Import took 0.150645 seconds .

========================================================================
Received Import Request.
  Time since last request: 0.000494 seconds.
  path: Assets/CharacterEditorPackage/Materials/Grey.mat
  artifactKey: Guid(2494ebf4237517a4ab3d59b5af93ba59) Importer(815301076,1909f56bfc062723c751e8b465ee728b)
Start importing Assets/CharacterEditorPackage/Materials/Grey.mat using Guid(2494ebf4237517a4ab3d59b5af93ba59) Importer(815301076,1909f56bfc062723c751e8b465ee728b)  -> (artifact id: 'f1db0de61679f6ae0667d7ef57e14d0e') in 0.021617 seconds 
  Import took 0.032550 seconds .

========================================================================
Received Import Request.
  Time since last request: 0.000353 seconds.
  path: Assets/CharacterEditorPackage/Materials/Red.mat
  artifactKey: Guid(5abc6e42dada56842b624bd8e83ff0ac) Importer(815301076,1909f56bfc062723c751e8b465ee728b)
Start importing Assets/CharacterEditorPackage/Materials/Red.mat using Guid(5abc6e42dada56842b624bd8e83ff0ac) Importer(815301076,1909f56bfc062723c751e8b465ee728b)  -> (artifact id: '0158a4f482c20583382187b952b133a4') in 0.023031 seconds 
  Import took 0.037886 seconds .

========================================================================
Received Import Request.
  Time since last request: 2.286920 seconds.
  path: Assets/Simple 2D Platformer BE2
  artifactKey: Guid(5bf00b52759e74e1d8c021e4a49c66a8) Importer(815301076,1909f56bfc062723c751e8b465ee728b)
Start importing Assets/Simple 2D Platformer BE2 using Guid(5bf00b52759e74e1d8c021e4a49c66a8) Importer(815301076,1909f56bfc062723c751e8b465ee728b)  -> (artifact id: '63fc664f2530b2b66004b107ade643db') in 0.002115 seconds 
  Import took 0.008963 seconds .

========================================================================
Received Import Request.
  Time since last request: 1.603060 seconds.
  path: Assets/Simple 2D Platformer BE2/Sprites
  artifactKey: Guid(d35022487eaac8945aa36ed98707fea2) Importer(815301076,1909f56bfc062723c751e8b465ee728b)
Start importing Assets/Simple 2D Platformer BE2/Sprites using Guid(d35022487eaac8945aa36ed98707fea2) Importer(815301076,1909f56bfc062723c751e8b465ee728b)  -> (artifact id: '9d241966742c5188147634e720b1f5cc') in 0.012198 seconds 
  Import took 0.021525 seconds .

========================================================================
Received Import Request.
  Time since last request: 2090.807439 seconds.
  path: Assets/GameExclusive Sprites
  artifactKey: Guid(8e0774b1cef684bfb81b6a97c7a06285) Importer(815301076,1909f56bfc062723c751e8b465ee728b)
Start importing Assets/GameExclusive Sprites using Guid(8e0774b1cef684bfb81b6a97c7a06285) Importer(815301076,1909f56bfc062723c751e8b465ee728b)  -> (artifact id: 'e4b6146bcf4aefc5b7aac4273f5e5ee6') in 0.010447 seconds 
  Import took 0.070054 seconds .

